[         0] INFO: No channel links found in configuration file.
[       235] Resolved live-internal.fivem.net:30110 to 62.210.162.18:30110
[       329] Found new resource Ease of Access Themes in C:/Windows/resources//Ease of Access Themes
[       344] Resource loading for Ease%20of%20Access%20Themes failed:
[       344] Could not open resource metadata file C:/Windows/resources//Ease of Access Themes/__resource.lua.
[       344] Found new resource Themes in C:/Windows/resources//Themes
[       375] Resource loading for Themes failed:
[       375] Could not open resource metadata file C:/Windows/resources//Themes/__resource.lua.
[       375] ^3Couldn't find resource sessionmanager.^7
[       407] GlobalError: This server does not have a license key specified. Please set the sv_licenseKey console variable to a key from https://keymaster.fivem.net/. (for example, `set sv_licenseKey "key"` in the config, or `+set sv_licenseKey key` on the command line)
[         0] INFO: No channel links found in configuration file.
[        94] Resolved live-internal.fivem.net:30110 to 62.210.162.18:30110
[       125] ^3Couldn't find resource sessionmanager.^7
[      4203] ^3Couldn't find resource mapmanager.^7
[      4203] ^3Couldn't find resource chat.^7
[      4203] ^3Couldn't find resource spawnmanager.^7
[      4203] ^3Couldn't find resource fivem.^7
[      4219] ^3Couldn't find resource hardcap.^7
[      4219] ^3Couldn't find resource rconlog.^7
[      4219] ^3Couldn't find resource mysql-async.^7
[      4219] ^3Couldn't find resource playernames.^7
[      4234] ^3Couldn't find resource vrp_mysql.^7
[      4234] ^3Couldn't find resource vrp.^7
[      4234] ^3Couldn't find resource vrp_playernames.^7
[      4234] ^3Couldn't find resource vrp_basic_mission.^7
[      4250] ^3Couldn't find resource vrp_barbershop.^7
[      4250] ^3Couldn't find resource vrp_carwash.^7
[      4250] ^3Couldn't find resource vrp_loadfreeze.^7
[      4266] ^3Couldn't find resource vRP_AdvancedFuel.^7
[      4266] ^3Couldn't find resource vrp_job_display.^7
[      4266] ^3Couldn't find resource vrp_bankrobbery.^7
[      4266] ^3Couldn't find resource vrp_basic_menu.^7
[      4281] ^3Couldn't find resource vrp_barrier.^7
[      4281] ^3Couldn't find resource vrp_TruckerJob.^7
[      4281] ^3Couldn't find resource vrp_slotmachine.^7
[      4281] ^3Couldn't find resource vrp_ubermission.^7
[      4297] ^3Couldn't find resource vrp_fixcar.^7
[      4297] ^3Couldn't find resource vrp_dvcar.^7
[      4297] ^3Couldn't find resource vrp_hotkeys.^7
[      4313] ^3Couldn't find resource railhouse.^7
[      4313] ^3Couldn't find resource online.^7
[      4313] ^3Couldn't find resource bob74_ipl.^7
[      4313] ^3Couldn't find resource pvp.^7
[      4328] ^3Couldn't find resource Ped.^7
[      4328] ^3Couldn't find resource banking.^7
[      4328] ^3Couldn't find resource blips.^7
[      4328] ^3Couldn't find resource club_B.^7
[      4344] ^3Couldn't find resource club_R.^7
[      4344] ^3Couldn't find resource racetrack.^7
[      4344] ^3Couldn't find resource map.^7
[      4344] ^3Couldn't find resource VK_interiors.^7
[      4359] ^3Couldn't find resource ThereMap.^7
[      4359] ^3Couldn't find resource indicators.^7
[      4359] ^3Couldn't find resource simeonfix.^7
[      4375] ^3Couldn't find resource pNotify.^7
[      4375] ^3Couldn't find resource lux_vehcontrol.^7
[      4375] ^3Couldn't find resource lscustoms.^7
[      4375] ^3Couldn't find resource BrockALPR.^7
[      4391] ^3Couldn't find resource RealisticVehicleFailure.^7
[      4391] ^3Couldn't find resource warmenu.^7
[      4391] ^3Couldn't find resource CustomScripts.^7
[      4406] ^3Couldn't find resource bcso.^7
[      4406] ^3Couldn't find resource Captain14_LSPD.^7
[      4406] ^3Couldn't find resource Captain14_Sheriff.^7
[      4406] ^3Couldn't find resource DodgeCharger2014.^7
[      4422] ^3Couldn't find resource FordExplorer.^7
[      4422] ^3Couldn't find resource hwycars.^7
[      4422] ^3Couldn't find resource pol718.^7
[      4438] ^3Couldn't find resource polf430.^7
[      4438] ^3Couldn't find resource policeb.^7
[      4438] ^3Couldn't find resource polmav.^7
[      4438] ^3Couldn't find resource riot.^7
[      4453] ^3Couldn't find resource detective.^7
[      4453] ^3Couldn't find resource ems.^7
[      4453] ^3Couldn't find resource hway.^7
[      4453] ^3Couldn't find resource police.^7
[      4453] ^3Couldn't find resource sheriff.^7
[      4469] ^3Couldn't find resource sheriffd.^7
[      4469] ^3Couldn't find resource swat.^7
[      4469] ^3Couldn't find resource repairtruck.^7
[      4484] ^3Couldn't find resource Audi_C7_RS6.^7
[      4484] ^3Couldn't find resource Audi_S5.^7
[      4484] ^3Couldn't find resource Lexus_RC350.^7
[      4484] ^3Couldn't find resource r8ppi.^7
[      4500] ^3Couldn't find resource c10custom.^7
[      4500] ^3Couldn't find resource chantom.^7
[      4500] ^3Couldn't find resource skyline.^7
[      4500] ^3Couldn't find resource subaruimpreza.^7
[      4516] ^3Couldn't find resource f4rr.^7
[      4516] ^3Couldn't find resource firebird.^7
[      4516] ^3Couldn't find resource ford.^7
[      4516] ^3Couldn't find resource GT.^7
[      4531] ^3Couldn't find resource moto.^7
[      4531] ^3Couldn't find resource moto2.^7
[      4531] ^3Couldn't find resource moto3.^7
[      4531] ^3Couldn't find resource evo.^7
[      4531] ^3Couldn't find resource truck.^7
[      4547] ^3Couldn't find resource sessionmanager.^7
[      4547] Could not open logo.png for reading.
[      4547] Authenticating server license key...
[      4828] Server license key authentication succeeded. Welcome!
[      4891] Sending heartbeat to live-internal.fivem.net:30110
[         0] INFO: No channel links found in configuration file.
[        78] Resolved live-internal.fivem.net:30110 to 62.210.162.18:30110
[       109] ^3Couldn't find resource sessionmanager.^7
[       125] ^3Couldn't find resource mapmanager.^7
[       125] ^3Couldn't find resource chat.^7
[       125] ^3Couldn't find resource spawnmanager.^7
[       140] ^3Couldn't find resource fivem.^7
[       140] ^3Couldn't find resource hardcap.^7
[       140] ^3Couldn't find resource rconlog.^7
[       140] ^3Couldn't find resource mysql-async.^7
[       156] ^3Couldn't find resource playernames.^7
[       156] ^3Couldn't find resource vrp_mysql.^7
[       156] ^3Couldn't find resource vrp.^7
[       156] ^3Couldn't find resource vrp_playernames.^7
[       171] ^3Couldn't find resource vrp_basic_mission.^7
[       171] ^3Couldn't find resource vrp_barbershop.^7
[       171] ^3Couldn't find resource vrp_carwash.^7
[       171] ^3Couldn't find resource vrp_loadfreeze.^7
[       187] ^3Couldn't find resource vRP_AdvancedFuel.^7
[       187] ^3Couldn't find resource vrp_job_display.^7
[       203] ^3Couldn't find resource vrp_bankrobbery.^7
[       203] ^3Couldn't find resource vrp_basic_menu.^7
[       203] ^3Couldn't find resource vrp_barrier.^7
[       203] ^3Couldn't find resource vrp_TruckerJob.^7
[       218] ^3Couldn't find resource vrp_slotmachine.^7
[       218] ^3Couldn't find resource vrp_ubermission.^7
[       218] ^3Couldn't find resource vrp_fixcar.^7
[       218] ^3Couldn't find resource vrp_dvcar.^7
[       234] ^3Couldn't find resource vrp_hotkeys.^7
[       234] ^3Couldn't find resource railhouse.^7
[       234] ^3Couldn't find resource online.^7
[       234] ^3Couldn't find resource bob74_ipl.^7
[       250] ^3Couldn't find resource pvp.^7
[       250] ^3Couldn't find resource Ped.^7
[       250] ^3Couldn't find resource banking.^7
[       250] ^3Couldn't find resource blips.^7
[       265] ^3Couldn't find resource club_B.^7
[       265] ^3Couldn't find resource club_R.^7
[       265] ^3Couldn't find resource racetrack.^7
[       265] ^3Couldn't find resource map.^7
[       281] ^3Couldn't find resource VK_interiors.^7
[       281] ^3Couldn't find resource ThereMap.^7
[       281] ^3Couldn't find resource indicators.^7
[       281] ^3Couldn't find resource simeonfix.^7
[       296] ^3Couldn't find resource pNotify.^7
[       296] ^3Couldn't find resource lux_vehcontrol.^7
[       296] ^3Couldn't find resource lscustoms.^7
[       312] ^3Couldn't find resource BrockALPR.^7
[       312] ^3Couldn't find resource RealisticVehicleFailure.^7
[       312] ^3Couldn't find resource warmenu.^7
[       312] ^3Couldn't find resource CustomScripts.^7
[       328] ^3Couldn't find resource bcso.^7
[       328] ^3Couldn't find resource Captain14_LSPD.^7
[       328] ^3Couldn't find resource Captain14_Sheriff.^7
[       328] ^3Couldn't find resource DodgeCharger2014.^7
[       343] ^3Couldn't find resource FordExplorer.^7
[       343] ^3Couldn't find resource hwycars.^7
[       343] ^3Couldn't find resource pol718.^7
[       343] ^3Couldn't find resource polf430.^7
[       359] ^3Couldn't find resource policeb.^7
[       359] ^3Couldn't find resource polmav.^7
[       359] ^3Couldn't find resource riot.^7
[       359] ^3Couldn't find resource detective.^7
[       375] ^3Couldn't find resource ems.^7
[       375] ^3Couldn't find resource hway.^7
[       375] ^3Couldn't find resource police.^7
[       375] ^3Couldn't find resource sheriff.^7
[       390] ^3Couldn't find resource sheriffd.^7
[       390] ^3Couldn't find resource swat.^7
[       390] ^3Couldn't find resource repairtruck.^7
[       390] ^3Couldn't find resource Audi_C7_RS6.^7
[       406] ^3Couldn't find resource Audi_S5.^7
[       406] ^3Couldn't find resource Lexus_RC350.^7
[       406] ^3Couldn't find resource r8ppi.^7
[       406] ^3Couldn't find resource c10custom.^7
[       421] ^3Couldn't find resource chantom.^7
[       421] ^3Couldn't find resource skyline.^7
[       421] ^3Couldn't find resource subaruimpreza.^7
[       421] ^3Couldn't find resource f4rr.^7
[       437] ^3Couldn't find resource firebird.^7
[       437] ^3Couldn't find resource ford.^7
[       437] ^3Couldn't find resource GT.^7
[       437] ^3Couldn't find resource moto.^7
[       437] ^3Couldn't find resource moto2.^7
[       453] ^3Couldn't find resource moto3.^7
[       453] ^3Couldn't find resource evo.^7
[       453] ^3Couldn't find resource truck.^7
[       453] ^3Couldn't find resource sessionmanager.^7
[       468] Could not open logo.png for reading.
[       468] Authenticating server license key...
[       718] Server license key authentication succeeded. Welcome!
[       781] Sending heartbeat to live-internal.fivem.net:30110
[         0] INFO: No channel links found in configuration file.
[        62] Resolved live-internal.fivem.net:30110 to 62.210.162.18:30110
[       109] Found new resource Apartments in C:/Users\Admin\Desktop\server2/resources//Apartments
[       125] Found new resource banking in C:/Users\Admin\Desktop\server2/resources//banking
[       141] Found new resource bob74_ipl in C:/Users\Admin\Desktop\server2/resources//bob74_ipl
[       141] Found new resource BrockALPR in C:/Users\Admin\Desktop\server2/resources//BrockALPR
[       156] Found new resource CustomScripts in C:/Users\Admin\Desktop\server2/resources//CustomScripts
[       172] Found new resource fivem in C:/Users\Admin\Desktop\server2/resources//fivem
[       187] Found new resource fivem-awesome1501 in C:/Users\Admin\Desktop\server2/resources//fivem-awesome1501
[       187] Found new resource fivem-map-hipster in C:/Users\Admin\Desktop\server2/resources//fivem-map-hipster
[       203] Found new resource fivem-map-skater in C:/Users\Admin\Desktop\server2/resources//fivem-map-skater
[       219] Found new resource indicators in C:/Users\Admin\Desktop\server2/resources//indicators
[       219] Found new resource lscustoms in C:/Users\Admin\Desktop\server2/resources//lscustoms
[       234] Found new resource lux_vehcontrol in C:/Users\Admin\Desktop\server2/resources//lux_vehcontrol
[       250] Found new resource map in C:/Users\Admin\Desktop\server2/resources//map
[       250] Found new resource mysql-async in C:/Users\Admin\Desktop\server2/resources//mysql-async
[       266] Found new resource online in C:/Users\Admin\Desktop\server2/resources//online
[       281] Found new resource pNotify in C:/Users\Admin\Desktop\server2/resources//pNotify
[       281] Found new resource pvp in C:/Users\Admin\Desktop\server2/resources//pvp
[       297] Found new resource railhouse in C:/Users\Admin\Desktop\server2/resources//railhouse
[       312] Found new resource RealisticVehicleFailure in C:/Users\Admin\Desktop\server2/resources//RealisticVehicleFailure
[       312] Found new resource runcode in C:/Users\Admin\Desktop\server2/resources//runcode
[       328] Found new resource simeonfix in C:/Users\Admin\Desktop\server2/resources//simeonfix
[       344] Found new resource ThereMap in C:/Users\Admin\Desktop\server2/resources//ThereMap
[       344] Found new resource Vhealth in C:/Users\Admin\Desktop\server2/resources//Vhealth
[       359] Found new resource VK_interiors in C:/Users\Admin\Desktop\server2/resources//VK_interiors
[       375] Found new resource vrp in C:/Users\Admin\Desktop\server2/resources//vrp
[       375] Found new resource vRP_AdvancedFuel in C:/Users\Admin\Desktop\server2/resources//vRP_AdvancedFuel
[       391] Found new resource vrp_bankrobbery in C:/Users\Admin\Desktop\server2/resources//vrp_bankrobbery
[       406] Found new resource vrp_barbershop in C:/Users\Admin\Desktop\server2/resources//vrp_barbershop
[       422] Found new resource vrp_barrier in C:/Users\Admin\Desktop\server2/resources//vrp_barrier
[       422] Found new resource vrp_basic_menu in C:/Users\Admin\Desktop\server2/resources//vrp_basic_menu
[       437] Found new resource vrp_basic_mission in C:/Users\Admin\Desktop\server2/resources//vrp_basic_mission
[       453] Found new resource vrp_carwash in C:/Users\Admin\Desktop\server2/resources//vrp_carwash
[       469] Found new resource vrp_dvcar in C:/Users\Admin\Desktop\server2/resources//vrp_dvcar
[       469] Found new resource vrp_fixcar in C:/Users\Admin\Desktop\server2/resources//vrp_fixcar
[       484] Found new resource vrp_hotkeys in C:/Users\Admin\Desktop\server2/resources//vrp_hotkeys
[       500] Found new resource vrp_job_display in C:/Users\Admin\Desktop\server2/resources//vrp_job_display
[       500] Found new resource vrp_loadfreeze in C:/Users\Admin\Desktop\server2/resources//vrp_loadfreeze
[       516] Found new resource vrp_mysql in C:/Users\Admin\Desktop\server2/resources//vrp_mysql
[       531] Found new resource vrp_playernames in C:/Users\Admin\Desktop\server2/resources//vrp_playernames
[       547] Found new resource vrp_slotmachine in C:/Users\Admin\Desktop\server2/resources//vrp_slotmachine
[       547] Found new resource vrp_TruckerJob in C:/Users\Admin\Desktop\server2/resources//vrp_TruckerJob
[       562] Found new resource vrp_ubermission in C:/Users\Admin\Desktop\server2/resources//vrp_ubermission
[       578] Found new resource warmenu in C:/Users\Admin\Desktop\server2/resources//warmenu
[       594] Found new resource blips in C:/Users\Admin\Desktop\server2/resources//[blips]/blips
[       594] Found new resource club_B in C:/Users\Admin\Desktop\server2/resources//[blips]/club_B
[       609] Found new resource club_R in C:/Users\Admin\Desktop\server2/resources//[blips]/club_R
[       625] Found new resource racetrack in C:/Users\Admin\Desktop\server2/resources//[blips]/racetrack
[       625] Found new resource Audi_C7_RS6 in C:/Users\Admin\Desktop\server2/resources//[Civilian Cars]/Audi_C7_RS6
[       641] Found new resource Audi_S5 in C:/Users\Admin\Desktop\server2/resources//[Civilian Cars]/Audi_S5
[       656] Found new resource c10custom in C:/Users\Admin\Desktop\server2/resources//[Civilian Cars]/c10custom
[       672] Found new resource chantom in C:/Users\Admin\Desktop\server2/resources//[Civilian Cars]/chantom
[       687] Found new resource evo in C:/Users\Admin\Desktop\server2/resources//[Civilian Cars]/evo
[       687] Found new resource f4rr in C:/Users\Admin\Desktop\server2/resources//[Civilian Cars]/f4rr
[       703] Found new resource firebird in C:/Users\Admin\Desktop\server2/resources//[Civilian Cars]/firebird
[       719] Found new resource ford in C:/Users\Admin\Desktop\server2/resources//[Civilian Cars]/ford
[       734] Found new resource GT in C:/Users\Admin\Desktop\server2/resources//[Civilian Cars]/GT
[       734] Found new resource lamb in C:/Users\Admin\Desktop\server2/resources//[Civilian Cars]/lamb
[       750] Found new resource Lexus_RC350 in C:/Users\Admin\Desktop\server2/resources//[Civilian Cars]/Lexus_RC350
[       766] Found new resource moto in C:/Users\Admin\Desktop\server2/resources//[Civilian Cars]/moto
[       781] Found new resource moto2 in C:/Users\Admin\Desktop\server2/resources//[Civilian Cars]/moto2
[       781] Found new resource moto3 in C:/Users\Admin\Desktop\server2/resources//[Civilian Cars]/moto3
[       797] Found new resource r8ppi in C:/Users\Admin\Desktop\server2/resources//[Civilian Cars]/r8ppi
[       812] Found new resource repairtruck in C:/Users\Admin\Desktop\server2/resources//[Civilian Cars]/repairtruck
[       828] Found new resource skyline in C:/Users\Admin\Desktop\server2/resources//[Civilian Cars]/skyline
[       844] Found new resource subaruimpreza in C:/Users\Admin\Desktop\server2/resources//[Civilian Cars]/subaruimpreza
[       844] Found new resource truck in C:/Users\Admin\Desktop\server2/resources//[Civilian Cars]/truck
[       859] Found new resource Ambulance in C:/Users\Admin\Desktop\server2/resources//[EMS Vehicles]/Ambulance
[       875] Found new resource FireTruck in C:/Users\Admin\Desktop\server2/resources//[EMS Vehicles]/FireTruck
[       891] Found new resource race in C:/Users\Admin\Desktop\server2/resources//[gamemodes]/race
[       906] Found new resource race-test in C:/Users\Admin\Desktop\server2/resources//[gamemodes]/race-test
[       906] Found new resource channelfeed in C:/Users\Admin\Desktop\server2/resources//[gameplay]/channelfeed
[       922] Found new resource irc in C:/Users\Admin\Desktop\server2/resources//[gameplay]/irc
[       937] Found new resource obituary in C:/Users\Admin\Desktop\server2/resources//[gameplay]/obituary
[       953] Found new resource obituary-deaths in C:/Users\Admin\Desktop\server2/resources//[gameplay]/obituary-deaths
[       953] Found new resource playernames in C:/Users\Admin\Desktop\server2/resources//[gameplay]/playernames
[       969] Found new resource Santa in C:/Users\Admin\Desktop\server2/resources//[Job Skins]/Santa
[       984] Found new resource santasled in C:/Users\Admin\Desktop\server2/resources//[Job Vehicles]/santasled
[      1000] Found new resource mapmanager in C:/Users\Admin\Desktop\server2/resources//[managers]/mapmanager
[      1000] Found new resource Ped in C:/Users\Admin\Desktop\server2/resources//[Ped]/Ped
[      1016] Found new resource detective in C:/Users\Admin\Desktop\server2/resources//[Police Skins]/detective
[      1031] Found new resource ems in C:/Users\Admin\Desktop\server2/resources//[Police Skins]/ems
[      1047] Found new resource hway in C:/Users\Admin\Desktop\server2/resources//[Police Skins]/hway
[      1047] Found new resource police in C:/Users\Admin\Desktop\server2/resources//[Police Skins]/police
[      1062] Found new resource sheriff in C:/Users\Admin\Desktop\server2/resources//[Police Skins]/sheriff
[      1078] Found new resource sheriffd in C:/Users\Admin\Desktop\server2/resources//[Police Skins]/sheriffd
[      1094] Found new resource swat in C:/Users\Admin\Desktop\server2/resources//[Police Skins]/swat
[      1109] Found new resource bcso in C:/Users\Admin\Desktop\server2/resources//[Police Vehicles]/bcso
[      1125] Found new resource Captain14_LSPD in C:/Users\Admin\Desktop\server2/resources//[Police Vehicles]/Captain14_LSPD
[      1141] Found new resource Captain14_Sheriff in C:/Users\Admin\Desktop\server2/resources//[Police Vehicles]/Captain14_Sheriff
[      1141] Found new resource DodgeCharger2014 in C:/Users\Admin\Desktop\server2/resources//[Police Vehicles]/DodgeCharger2014
[      1156] Found new resource FordExplorer in C:/Users\Admin\Desktop\server2/resources//[Police Vehicles]/FordExplorer
[      1172] Found new resource hwycars in C:/Users\Admin\Desktop\server2/resources//[Police Vehicles]/hwycars
[      1187] Found new resource pol718 in C:/Users\Admin\Desktop\server2/resources//[Police Vehicles]/pol718
[      1203] Found new resource polf430 in C:/Users\Admin\Desktop\server2/resources//[Police Vehicles]/polf430
[      1219] Found new resource policeb in C:/Users\Admin\Desktop\server2/resources//[Police Vehicles]/policeb
[      1234] Found new resource polmav in C:/Users\Admin\Desktop\server2/resources//[Police Vehicles]/polmav
[      1234] Found new resource riot in C:/Users\Admin\Desktop\server2/resources//[Police Vehicles]/riot
[      1250] Found new resource baseevents in C:/Users\Admin\Desktop\server2/resources//[system]/baseevents
[      1266] Found new resource chat in C:/Users\Admin\Desktop\server2/resources//[system]/chat
[      1281] Found new resource hardcap in C:/Users\Admin\Desktop\server2/resources//[system]/hardcap
[      1281] Found new resource rconlog in C:/Users\Admin\Desktop\server2/resources//[system]/rconlog
[      1297] Found new resource scoreboard in C:/Users\Admin\Desktop\server2/resources//[system]/scoreboard
[      1312] Found new resource sessionmanager in C:/Users\Admin\Desktop\server2/resources//[system]/sessionmanager
[      1328] Found new resource spawnmanager in C:/Users\Admin\Desktop\server2/resources//[system]/spawnmanager
[      1328] Found new resource betaguns in C:/Users\Admin\Desktop\server2/resources//[test]/betaguns
[      1344] Found new resource gameInit in C:/Users\Admin\Desktop\server2/resources//[test]/gameInit
[      1359] Found new resource keks in C:/Users\Admin\Desktop\server2/resources//[test]/keks
[      1359] Found new resource yarn in C:/Users\Admin\Desktop\server2/resources//[system]/[builders]/yarn
[      1406] Started resource sessionmanager
[      1422] Started resource mapmanager
[      1437] Started resource chat
[      1453] Started resource spawnmanager
[      1453] Started gametype Freeroam
[      1453] Started resource fivem
[      1469] Started resource hardcap
[      1469] Started resource rconlog
[      2062] Loaded MySQLAsync.net, Version=2.1.1.0, Culture=neutral, PublicKeyToken=null into ScriptDomain_195123646
[      2078] Instantiated instance of script MySQLAsync.MySQLThread.
[      2094] Instantiated instance of script MySQLAsync.MySQLAsync.
[      2141] Started resource mysql-async
[      2141] Started resource playernames
[      2437] Loaded mysql.net, Version=1.0.0.0, Culture=neutral, PublicKeyToken=null into ScriptDomain_1112302102
[      2594] Exception loading assembly I18N: System.IO.FileNotFoundException: Unable to find the specified file.
[      2594] 
[      2594] 
[      2594] Server stack trace: 
[      2594]   at System.Runtime.InteropServices.Marshal.ThrowExceptionForHR (System.Int32 errorCode) [0x0000a] in <0123fd5b1a1040fe9d70a7e0d4b28acb>:0 
[      2594]   at (wrapper cominterop) CitizenFX.Core.IScriptHost:OpenHostFile (string)
[      2594]   at (wrapper cominterop-invoke) CitizenFX.Core.IScriptHost:OpenHostFile (string)
[      2594]   at CitizenFX.Core.MonoScriptRuntime+WrapScriptHost.OpenHostFile (System.String fileName) [0x00000] in C:\gl\builds\4ff63adb\0\cfx\fivem\code\client\clrcore\MonoScriptRuntime.cs:254 
[      2594]   at (wrapper remoting-invoke-with-check) CitizenFX.Core.MonoScriptRuntime+WrapScriptHost:OpenHostFile (string)
[      2594]   at (wrapper xdomain-dispatch) CitizenFX.Core.MonoScriptRuntime+WrapScriptHost:OpenHostFile (object,byte[]&,byte[]&,string)
[      2594] 
[      2594] Exception rethrown at [0]: 
[      2594]   at (wrapper xdomain-invoke) CitizenFX.Core.MonoScriptRuntime+WrapScriptHost:OpenHostFile (string)
[      2594]   at CitizenFX.Core.InternalManager.LoadAssembly (System.String name) [0x00000] in C:\gl\builds\4ff63adb\0\cfx\fivem\code\client\clrcore\InternalManager.cs:118 
[      2609] Instantiated instance of script vRP.MySQL.
[      2641] Started resource vrp_mysql
[      2781] Loaded MySqlConnector, Version=0.19.5.0, Culture=neutral, PublicKeyToken=null into ScriptDomain_1112302102
[      2906] Loaded System.Threading.Tasks.Extensions, Version=4.1.0.0, Culture=neutral, PublicKeyToken=cc7b13ffcd2ddd51 into ScriptDomain_1112302102
[      4125] [vRP] launch version 1498403827
[      4156] [vRP] init base tables
[      4266] Started resource vrp
[      4281] Started resource vrp_playernames
[      4312] Started resource vrp_basic_mission
[      4328] Started resource vrp_barbershop
[      4344] Started resource vrp_carwash
[      4359] Started resource vrp_loadfreeze
[      4359] launched
[      4375] Started resource vRP_AdvancedFuel
[      4391] Started resource vrp_job_display
[      4406] Started resource vrp_bankrobbery
[      4437] Started resource vrp_basic_menu
[      4453] Started resource vrp_barrier
[      4469] Started resource vrp_TruckerJob
[      4484] Started resource vrp_slotmachine
[      4500] Started resource vrp_ubermission
[      4516] Started resource vrp_fixcar
[      4531] Started resource vrp_dvcar
[      4547] Started resource vrp_hotkeys
[      4562] Started resource railhouse
[      4578] Started resource online
[      4594] Started resource bob74_ipl
[      4594] Started resource pvp
[      6297] Started resource Ped
[      6312] Started resource banking
[      6312] Started resource blips
[      6328] Started resource club_B
[      6328] Started resource club_R
[      6344] Started resource racetrack
[      6437] Started resource map
[      6453] Started resource VK_interiors
[      6453] Started resource ThereMap
[      6469] Started resource indicators
[      6469] Started resource simeonfix
[      6484] Started resource pNotify
[      6500] Started resource lux_vehcontrol
[      6516] Started resource lscustoms
[      6516] Started resource BrockALPR
[      6531] Started resource RealisticVehicleFailure
[      6547] Started resource warmenu
[      6562] Started resource CustomScripts
[      7453] Started resource bcso
[      7984] Started resource Captain14_LSPD
[      8094] Started resource Captain14_Sheriff
[      8344] Started resource DodgeCharger2014
[      8516] Started resource FordExplorer
[      9859] Started resource hwycars
[     10062] Started resource pol718
[     10312] Started resource polf430
[     10469] Started resource policeb
[     10703] Started resource polmav
[     11078] Started resource riot
[     11125] Started resource detective
[     11187] Started resource ems
[     11531] Started resource hway
[     11875] Started resource police
[     12562] Started resource sheriff
[     12906] Started resource sheriffd
[     12953] Started resource swat
[     12969] Started resource repairtruck
[     13375] Started resource Audi_C7_RS6
[     13609] Started resource Audi_S5
[     14047] Started resource Lexus_RC350
[     14344] Started resource r8ppi
[     14422] Started resource c10custom
[     14484] Started resource chantom
[     14750] Started resource skyline
[     15203] Started resource subaruimpreza
[     15328] Started resource f4rr
[     15406] Started resource firebird
[     15516] Started resource ford
[     15766] Started resource GT
[     15984] Started resource moto
[     16078] Started resource moto2
[     16187] Started resource moto3
[     16312] Started resource evo
[     16594] Started resource truck
[     16594] Stopping resource sessionmanager
[     16609] Started resource sessionmanager
[     16609] Could not open logo.png for reading.
[     16625] Authenticating server license key...
[     16828] Server license key authentication succeeded. Welcome!
[     16891] Sending heartbeat to live-internal.fivem.net:30110
[     16906] Started map fivem-map-hipster
[     16906] Started resource fivem-map-hipster
[     17016] Loaded MySqlConnector, Version=0.38.0.0, Culture=neutral, PublicKeyToken=d33d3e53aa5f8c92 into ScriptDomain_195123646
[     17172] hitch warning: frame time of 288 milliseconds
[    196906] Sending heartbeat to live-internal.fivem.net:30110
