[         0] INFO: No channel links found in configuration file.
[       594] Resolved live-internal.fivem.net:30110 to 62.210.162.18:30110
[       750] Found new resource fivem in C:/Users\Admin\Desktop\server\cfx-server-data/resources//fivem
[       797] Found new resource fivem-awesome1501 in C:/Users\Admin\Desktop\server\cfx-server-data/resources//fivem-awesome1501
[       812] Found new resource fivem-map-hipster in C:/Users\Admin\Desktop\server\cfx-server-data/resources//fivem-map-hipster
[       812] Found new resource fivem-map-skater in C:/Users\Admin\Desktop\server\cfx-server-data/resources//fivem-map-skater
[       812] Found new resource runcode in C:/Users\Admin\Desktop\server\cfx-server-data/resources//runcode
[       828] Found new resource race in C:/Users\Admin\Desktop\server\cfx-server-data/resources//[gamemodes]/race
[       828] Found new resource race-test in C:/Users\Admin\Desktop\server\cfx-server-data/resources//[gamemodes]/race-test
[       828] Found new resource channelfeed in C:/Users\Admin\Desktop\server\cfx-server-data/resources//[gameplay]/channelfeed
[       844] Found new resource irc in C:/Users\Admin\Desktop\server\cfx-server-data/resources//[gameplay]/irc
[       844] Found new resource obituary in C:/Users\Admin\Desktop\server\cfx-server-data/resources//[gameplay]/obituary
[       859] Found new resource obituary-deaths in C:/Users\Admin\Desktop\server\cfx-server-data/resources//[gameplay]/obituary-deaths
[       875] Found new resource playernames in C:/Users\Admin\Desktop\server\cfx-server-data/resources//[gameplay]/playernames
[       891] Found new resource mapmanager in C:/Users\Admin\Desktop\server\cfx-server-data/resources//[managers]/mapmanager
[       891] Found new resource baseevents in C:/Users\Admin\Desktop\server\cfx-server-data/resources//[system]/baseevents
[       891] Found new resource chat in C:/Users\Admin\Desktop\server\cfx-server-data/resources//[system]/chat
[       922] Found new resource hardcap in C:/Users\Admin\Desktop\server\cfx-server-data/resources//[system]/hardcap
[       922] Found new resource rconlog in C:/Users\Admin\Desktop\server\cfx-server-data/resources//[system]/rconlog
[       937] Found new resource scoreboard in C:/Users\Admin\Desktop\server\cfx-server-data/resources//[system]/scoreboard
[       937] Found new resource sessionmanager in C:/Users\Admin\Desktop\server\cfx-server-data/resources//[system]/sessionmanager
[       953] Found new resource spawnmanager in C:/Users\Admin\Desktop\server\cfx-server-data/resources//[system]/spawnmanager
[       953] Found new resource betaguns in C:/Users\Admin\Desktop\server\cfx-server-data/resources//[test]/betaguns
[       953] Found new resource gameInit in C:/Users\Admin\Desktop\server\cfx-server-data/resources//[test]/gameInit
[       969] Found new resource keks in C:/Users\Admin\Desktop\server\cfx-server-data/resources//[test]/keks
[       969] Found new resource yarn in C:/Users\Admin\Desktop\server\cfx-server-data/resources//[system]/[builders]/yarn
[      1187] Started resource sessionmanager
[      2812] Started resource mapmanager
[      2984] Started resource chat
[      2984] Started resource spawnmanager
[      3000] Started gametype Freeroam
[      3000] Started resource fivem
[      3016] Started resource hardcap
[      3016] Started resource rconlog
[      3078] Started resource scoreboard
[      3156] Started resource playernames
[      3172] Authenticating server license key...
[      3484] Server license key authentication succeeded. Welcome!
[      3531] Sending heartbeat to live-internal.fivem.net:30110
[      3547] Started map fivem-map-hipster
[      3562] Started resource fivem-map-hipster
[         0] INFO: No channel links found in configuration file.
[       125] Resolved live-internal.fivem.net:30110 to 62.210.162.18:30110
[       125] Found new resource fivem in C:/Users\Admin\Desktop\server\cfx-server-data/resources//fivem
[       125] Found new resource fivem-awesome1501 in C:/Users\Admin\Desktop\server\cfx-server-data/resources//fivem-awesome1501
[       140] Found new resource fivem-map-hipster in C:/Users\Admin\Desktop\server\cfx-server-data/resources//fivem-map-hipster
[       140] Found new resource fivem-map-skater in C:/Users\Admin\Desktop\server\cfx-server-data/resources//fivem-map-skater
[       140] Found new resource runcode in C:/Users\Admin\Desktop\server\cfx-server-data/resources//runcode
[       156] Found new resource race in C:/Users\Admin\Desktop\server\cfx-server-data/resources//[gamemodes]/race
[       156] Found new resource race-test in C:/Users\Admin\Desktop\server\cfx-server-data/resources//[gamemodes]/race-test
[       156] Found new resource channelfeed in C:/Users\Admin\Desktop\server\cfx-server-data/resources//[gameplay]/channelfeed
[       172] Found new resource irc in C:/Users\Admin\Desktop\server\cfx-server-data/resources//[gameplay]/irc
[       172] Found new resource obituary in C:/Users\Admin\Desktop\server\cfx-server-data/resources//[gameplay]/obituary
[       187] Found new resource obituary-deaths in C:/Users\Admin\Desktop\server\cfx-server-data/resources//[gameplay]/obituary-deaths
[       187] Found new resource playernames in C:/Users\Admin\Desktop\server\cfx-server-data/resources//[gameplay]/playernames
[       187] Found new resource mapmanager in C:/Users\Admin\Desktop\server\cfx-server-data/resources//[managers]/mapmanager
[       203] Found new resource baseevents in C:/Users\Admin\Desktop\server\cfx-server-data/resources//[system]/baseevents
[       203] Found new resource chat in C:/Users\Admin\Desktop\server\cfx-server-data/resources//[system]/chat
[       203] Found new resource hardcap in C:/Users\Admin\Desktop\server\cfx-server-data/resources//[system]/hardcap
[       219] Found new resource rconlog in C:/Users\Admin\Desktop\server\cfx-server-data/resources//[system]/rconlog
[       219] Found new resource scoreboard in C:/Users\Admin\Desktop\server\cfx-server-data/resources//[system]/scoreboard
[       219] Found new resource sessionmanager in C:/Users\Admin\Desktop\server\cfx-server-data/resources//[system]/sessionmanager
[       250] Found new resource spawnmanager in C:/Users\Admin\Desktop\server\cfx-server-data/resources//[system]/spawnmanager
[       250] Found new resource betaguns in C:/Users\Admin\Desktop\server\cfx-server-data/resources//[test]/betaguns
[       265] Found new resource gameInit in C:/Users\Admin\Desktop\server\cfx-server-data/resources//[test]/gameInit
[       265] Found new resource keks in C:/Users\Admin\Desktop\server\cfx-server-data/resources//[test]/keks
[       281] Found new resource yarn in C:/Users\Admin\Desktop\server\cfx-server-data/resources//[system]/[builders]/yarn
[       328] Started resource sessionmanager
[       375] Started resource mapmanager
[       390] Started resource chat
[       390] Started resource spawnmanager
[       390] Started gametype Freeroam
[       390] Started resource fivem
[       406] Started resource hardcap
[       406] Started resource rconlog
[       422] Started resource scoreboard
[       437] Started resource playernames
[       437] Authenticating server license key...
[       578] Server license key authentication succeeded. Welcome!
[       625] Sending heartbeat to live-internal.fivem.net:30110
[       640] Started map fivem-map-skater
[       640] Started resource fivem-map-skater
